<?xml version="1.0" encoding="UTF-8"?>
<testng-results ignored="0" total="1" passed="1" failed="0" skipped="0">
  <reporter-output>
  </reporter-output>
  <suite started-at="2022-11-01T22:58:17 IST" name="Default suite" finished-at="2022-11-01T22:58:18 IST" duration-ms="1558">
    <groups>
    </groups>
    <test started-at="2022-11-01T22:58:17 IST" name="Default test" finished-at="2022-11-01T22:58:18 IST" duration-ms="1558">
      <class name="readAnotherTest.CreateCellColTest">
        <test-method signature="method()[pri:0, instance:readAnotherTest.CreateCellColTest@59af0466]" started-at="2022-11-01T22:58:17 IST" name="method" finished-at="2022-11-01T22:58:18 IST" duration-ms="1485" status="PASS">
          <reporter-output>
          </reporter-output>
        </test-method> <!-- method -->
      </class> <!-- readAnotherTest.CreateCellColTest -->
    </test> <!-- Default test -->
  </suite> <!-- Default suite -->
</testng-results>
